<?xml version="1.0" encoding="UTF-8"?>
<testng-results ignored="0" total="1" passed="1" failed="0" skipped="0">
  <reporter-output>
  </reporter-output>
  <suite started-at="2024-11-27T11:05:06 IST" name="Default suite" finished-at="2024-11-27T11:05:18 IST" duration-ms="11824">
    <groups>
    </groups>
    <test started-at="2024-11-27T11:05:06 IST" name="Default test" finished-at="2024-11-27T11:05:18 IST" duration-ms="11824">
      <class name="com.ninza.hrm.api.projecttest.CreateProjectThroughFrontEnd">
        <test-method is-config="true" signature="configBs()[pri:0, instance:com.ninza.hrm.api.projecttest.CreateProjectThroughFrontEnd@3e694b3f]" started-at="2024-11-27T11:05:05 IST" name="configBs" finished-at="2024-11-27T11:05:06 IST" duration-ms="1041" status="PASS">
          <reporter-output>
          </reporter-output>
        </test-method> <!-- configBs -->
        <test-method signature="createProjectFE()[pri:0, instance:com.ninza.hrm.api.projecttest.CreateProjectThroughFrontEnd@3e694b3f]" started-at="2024-11-27T11:05:06 IST" name="createProjectFE" finished-at="2024-11-27T11:05:18 IST" duration-ms="11797" status="PASS">
          <reporter-output>
          </reporter-output>
        </test-method> <!-- createProjectFE -->
        <test-method is-config="true" signature="configAs()[pri:0, instance:com.ninza.hrm.api.projecttest.CreateProjectThroughFrontEnd@3e694b3f]" started-at="2024-11-27T11:05:18 IST" name="configAs" finished-at="2024-11-27T11:05:18 IST" duration-ms="7" status="PASS">
          <reporter-output>
          </reporter-output>
        </test-method> <!-- configAs -->
      </class> <!-- com.ninza.hrm.api.projecttest.CreateProjectThroughFrontEnd -->
    </test> <!-- Default test -->
  </suite> <!-- Default suite -->
</testng-results>
