<?xml version="1.0" encoding="UTF-8"?>
<!-- Generated by org.testng.reporters.JUnitXMLReporter -->
<testsuite ignored="2" hostname="RAJU" failures="0" tests="4" name="Test" time="2.737" errors="0" timestamp="2024-11-26T12:46:47 IST">
  <testcase classname="com.ninza.hrm.api.projecttest.ProjectTest" name="createSingleProject" time="2.187"/>
  <testcase classname="com.ninza.hrm.api.projecttest.ProjectTest" name="createDuplicateProject" time="0.038"/>
  <testcase classname="com.ninza.hrm.api.employyetest.EmployeTest" name="addEmployeWithOutEmailTest" time="0.114"/>
  <testcase classname="com.ninza.hrm.api.employyetest.EmployeTest" name="addEmployeeTest" time="0.362"/>
  <testcase classname="com.ninza.hrm.api.baseClass.BaseAPIClass" name="@AfterSuite configAs" time="0.0">
    <ignored/>
  </testcase> <!-- @AfterSuite configAs -->
  <testcase classname="com.ninza.hrm.api.baseClass.BaseAPIClass" name="@BeforeSuite configBs" time="0.0">
    <ignored/>
  </testcase> <!-- @BeforeSuite configBs -->
</testsuite> <!-- Test -->
